d:\sample\new folder (3)\nhap-mon-game-master\04-collision\debug\vc141.pdb
d:\sample\new folder (3)\nhap-mon-game-master\04-collision\debug\vc141.idb
d:\sample\new folder (3)\nhap-mon-game-master\04-collision\debug\boardgame.sbr
d:\sample\new folder (3)\nhap-mon-game-master\04-collision\debug\camera.sbr
d:\sample\new folder (3)\nhap-mon-game-master\04-collision\debug\debug.sbr
d:\sample\new folder (3)\nhap-mon-game-master\04-collision\debug\effect.sbr
d:\sample\new folder (3)\nhap-mon-game-master\04-collision\debug\enemy.sbr
d:\sample\new folder (3)\nhap-mon-game-master\04-collision\debug\flag.sbr
d:\sample\new folder (3)\nhap-mon-game-master\04-collision\debug\game.sbr
d:\sample\new folder (3)\nhap-mon-game-master\04-collision\debug\gameobject.sbr
d:\sample\new folder (3)\nhap-mon-game-master\04-collision\debug\ground.sbr
d:\sample\new folder (3)\nhap-mon-game-master\04-collision\debug\int1d_customize.sbr
d:\sample\new folder (3)\nhap-mon-game-master\04-collision\debug\loadresource.sbr
d:\sample\new folder (3)\nhap-mon-game-master\04-collision\debug\main.sbr
d:\sample\new folder (3)\nhap-mon-game-master\04-collision\debug\map.sbr
d:\sample\new folder (3)\nhap-mon-game-master\04-collision\debug\mapmanager.sbr
d:\sample\new folder (3)\nhap-mon-game-master\04-collision\debug\mathhelper.sbr
d:\sample\new folder (3)\nhap-mon-game-master\04-collision\debug\simon.sbr
d:\sample\new folder (3)\nhap-mon-game-master\04-collision\debug\skill.sbr
d:\sample\new folder (3)\nhap-mon-game-master\04-collision\debug\sobject.sbr
d:\sample\new folder (3)\nhap-mon-game-master\04-collision\debug\sprites.sbr
d:\sample\new folder (3)\nhap-mon-game-master\04-collision\debug\textures.sbr
d:\sample\new folder (3)\nhap-mon-game-master\04-collision\debug\textures.obj
d:\sample\new folder (3)\nhap-mon-game-master\04-collision\debug\sprites.obj
d:\sample\new folder (3)\nhap-mon-game-master\04-collision\debug\sobject.obj
d:\sample\new folder (3)\nhap-mon-game-master\04-collision\debug\skill.obj
d:\sample\new folder (3)\nhap-mon-game-master\04-collision\debug\simon.obj
d:\sample\new folder (3)\nhap-mon-game-master\04-collision\debug\mathhelper.obj
d:\sample\new folder (3)\nhap-mon-game-master\04-collision\debug\mapmanager.obj
d:\sample\new folder (3)\nhap-mon-game-master\04-collision\debug\map.obj
d:\sample\new folder (3)\nhap-mon-game-master\04-collision\debug\main.obj
d:\sample\new folder (3)\nhap-mon-game-master\04-collision\debug\loadresource.obj
d:\sample\new folder (3)\nhap-mon-game-master\04-collision\debug\int1d_customize.obj
d:\sample\new folder (3)\nhap-mon-game-master\04-collision\debug\ground.obj
d:\sample\new folder (3)\nhap-mon-game-master\04-collision\debug\gameobject.obj
d:\sample\new folder (3)\nhap-mon-game-master\04-collision\debug\game.obj
d:\sample\new folder (3)\nhap-mon-game-master\04-collision\debug\flag.obj
d:\sample\new folder (3)\nhap-mon-game-master\04-collision\debug\enemy.obj
d:\sample\new folder (3)\nhap-mon-game-master\04-collision\debug\effect.obj
d:\sample\new folder (3)\nhap-mon-game-master\04-collision\debug\debug.obj
d:\sample\new folder (3)\nhap-mon-game-master\04-collision\debug\camera.obj
d:\sample\new folder (3)\nhap-mon-game-master\04-collision\debug\boardgame.obj
d:\sample\new folder (3)\nhap-mon-game-master\04-collision\debug\tilemat.sbr
d:\sample\new folder (3)\nhap-mon-game-master\04-collision\debug\weapon.sbr
d:\sample\new folder (3)\nhap-mon-game-master\04-collision\debug\weapon.obj
d:\sample\new folder (3)\nhap-mon-game-master\04-collision\debug\tilemat.obj
d:\sample\new folder (3)\nhap-mon-game-master\04-collision\debug\04-collision.tlog\cl.command.1.tlog
d:\sample\new folder (3)\nhap-mon-game-master\04-collision\debug\04-collision.tlog\cl.read.1.tlog
d:\sample\new folder (3)\nhap-mon-game-master\04-collision\debug\04-collision.tlog\cl.write.1.tlog
d:\sample\new folder (3)\nhap-mon-game-master\04-collision\debug\04-collision.tlog\link.command.1.tlog
d:\sample\new folder (3)\nhap-mon-game-master\04-collision\debug\04-collision.tlog\link.read.1.tlog
d:\sample\new folder (3)\nhap-mon-game-master\04-collision\debug\04-collision.tlog\link.write.1.tlog
