  Camera.cpp
  debug.cpp
  Effect.cpp
  Game.cpp
d:\game\castlevania\nhap-mon-game\04-collision\game.cpp(63): warning C4244: 'argument': conversion from 'double' to 'FLOAT', possible loss of data
  GameObject.cpp
  Ground.cpp
  math.cpp
  LoadResource.cpp
  main.cpp
  Map.cpp
d:\game\castlevania\nhap-mon-game\04-collision\map.cpp(89): warning C4018: '<': signed/unsigned mismatch
d:\game\castlevania\nhap-mon-game\04-collision\map.cpp(125): warning C4244: 'initializing': conversion from 'float' to 'int', possible loss of data
d:\game\castlevania\nhap-mon-game\04-collision\map.cpp(208): warning C4244: 'argument': conversion from 'float' to 'int', possible loss of data
d:\game\castlevania\nhap-mon-game\04-collision\map.cpp(248): warning C4018: '<=': signed/unsigned mismatch
d:\game\castlevania\nhap-mon-game\04-collision\map.cpp(264): warning C4244: 'initializing': conversion from 'float' to 'int', possible loss of data
d:\game\castlevania\nhap-mon-game\04-collision\map.cpp(265): warning C4244: 'initializing': conversion from 'float' to 'int', possible loss of data
d:\game\castlevania\nhap-mon-game\04-collision\map.cpp(299): warning C4018: '<': signed/unsigned mismatch
d:\game\castlevania\nhap-mon-game\04-collision\map.cpp(303): warning C4018: '<': signed/unsigned mismatch
  MapManager.cpp
  Simon.cpp
  Skill.cpp
  SObject.cpp
  Sprites.cpp
  Textures.cpp
  TileMat.cpp
d:\game\castlevania\nhap-mon-game\04-collision\tilemat.cpp(9): warning C4244: 'argument': conversion from 'int' to 'float', possible loss of data
  Weapon.cpp
  Generating Code...
  04-Collision.vcxproj -> D:\game\CastleVania\nhap-mon-game\Debug\04-Collision.exe
